[33mWARNING[0m:  [24-05-2025 15:03:51] chroma_server_nofile is set to 65535, but this is less than current soft limit of 1048575. chroma_server_nofile will not be set.
[32mINFO[0m:     [24-05-2025 15:03:51] Anonymized telemetry enabled. See                     https://docs.trychroma.com/telemetry for more information.
[36mDEBUG[0m:    [24-05-2025 15:03:51] Starting component System
[36mDEBUG[0m:    [24-05-2025 15:03:51] Starting component OpenTelemetryClient
[36mDEBUG[0m:    [24-05-2025 15:03:51] Starting component SqliteDB
[36mDEBUG[0m:    [24-05-2025 15:03:51] Starting component SimpleQuotaEnforcer
[36mDEBUG[0m:    [24-05-2025 15:03:51] Starting component Posthog
[36mDEBUG[0m:    [24-05-2025 15:03:51] Starting component SimpleRateLimitEnforcer
[36mDEBUG[0m:    [24-05-2025 15:03:51] Starting component LocalSegmentManager
[36mDEBUG[0m:    [24-05-2025 15:03:51] Starting component LocalExecutor
[36mDEBUG[0m:    [24-05-2025 15:03:51] Starting component SegmentAPI
[36mDEBUG[0m:    [24-05-2025 15:03:51] Starting component SimpleAsyncRateLimitEnforcer
[32mINFO[0m:     [24-05-2025 15:03:51] Started server process [[36m90567[0m]
[32mINFO[0m:     [24-05-2025 15:03:51] Waiting for application startup.
[32mINFO[0m:     [24-05-2025 15:03:51] Application startup complete.
[32mINFO[0m:     [24-05-2025 15:03:51] Uvicorn running on [1mhttp://localhost:8000[0m (Press CTRL+C to quit)
[36mDEBUG[0m:    [24-05-2025 15:03:51] Stopping component System
[36mDEBUG[0m:    [24-05-2025 15:03:51] Stopping component SegmentAPI
[36mDEBUG[0m:    [24-05-2025 15:03:51] Stopping component LocalExecutor
[36mDEBUG[0m:    [24-05-2025 15:03:51] Stopping component LocalSegmentManager
[36mDEBUG[0m:    [24-05-2025 15:03:51] Stopping component SimpleAsyncRateLimitEnforcer
[36mDEBUG[0m:    [24-05-2025 15:03:51] Stopping component SimpleRateLimitEnforcer
[36mDEBUG[0m:    [24-05-2025 15:03:51] Stopping component Posthog
[36mDEBUG[0m:    [24-05-2025 15:03:51] Stopping component SimpleQuotaEnforcer
[36mDEBUG[0m:    [24-05-2025 15:03:51] Stopping component SqliteDB
[36mDEBUG[0m:    [24-05-2025 15:03:51] Stopping component OpenTelemetryClient
[31mERROR[0m:    [24-05-2025 15:03:51] Traceback (most recent call last):
  File "/Library/Frameworks/Python.framework/Versions/3.12/lib/python3.12/asyncio/runners.py", line 118, in run
    return self._loop.run_until_complete(task)
           ^^^^^^^^^^^^^^^^^^^^^^^^^^^^^^^^^^^
  File "uvloop/loop.pyx", line 1518, in uvloop.loop.Loop.run_until_complete
asyncio.exceptions.CancelledError

During handling of the above exception, another exception occurred:

Traceback (most recent call last):
  File "/Library/Frameworks/Python.framework/Versions/3.12/lib/python3.12/asyncio/runners.py", line 194, in run
    return runner.run(main)
           ^^^^^^^^^^^^^^^^
  File "/Library/Frameworks/Python.framework/Versions/3.12/lib/python3.12/asyncio/runners.py", line 123, in run
    raise KeyboardInterrupt()
KeyboardInterrupt

During handling of the above exception, another exception occurred:

Traceback (most recent call last):
  File "/Library/Frameworks/Python.framework/Versions/3.12/lib/python3.12/site-packages/starlette/routing.py", line 700, in lifespan
    await receive()
  File "/Library/Frameworks/Python.framework/Versions/3.12/lib/python3.12/site-packages/uvicorn/lifespan/on.py", line 137, in receive
    return await self.receive_queue.get()
           ^^^^^^^^^^^^^^^^^^^^^^^^^^^^^^
  File "/Library/Frameworks/Python.framework/Versions/3.12/lib/python3.12/asyncio/queues.py", line 158, in get
    await getter
asyncio.exceptions.CancelledError

